[0.994s] DEBUG:colcon:Command line arguments: ['/usr/bin/colcon', 'build']
[0.994s] DEBUG:colcon:Parsed command line arguments: Namespace(log_base=None, log_level=None, verb_name='build', build_base='build', install_base='install', merge_install=False, symlink_install=False, test_result_base=None, continue_on_error=False, executor='parallel', parallel_workers=16, event_handlers=None, ignore_user_meta=False, metas=['./colcon.meta'], base_paths=['.'], packages_ignore=None, packages_ignore_regex=None, paths=None, packages_up_to=None, packages_up_to_regex=None, packages_above=None, packages_above_and_dependencies=None, packages_above_depth=None, packages_select_by_dep=None, packages_skip_by_dep=None, packages_skip_up_to=None, packages_select_build_failed=False, packages_skip_build_finished=False, packages_select_test_failures=False, packages_skip_test_passed=False, packages_select=None, packages_skip=None, packages_select_regex=None, packages_skip_regex=None, packages_start=None, packages_end=None, allow_overriding=[], cmake_args=None, cmake_target=None, cmake_target_skip_unavailable=False, cmake_clean_cache=False, cmake_clean_first=False, cmake_force_configure=False, ament_cmake_args=None, catkin_cmake_args=None, catkin_skip_building_tests=False, verb_parser=<colcon_defaults.argument_parser.defaults.DefaultArgumentsDecorator object at 0x7f035bc9cb50>, verb_extension=<colcon_core.verb.build.BuildVerb object at 0x7f035bc9ee60>, main=<bound method BuildVerb.main of <colcon_core.verb.build.BuildVerb object at 0x7f035bc9ee60>>)
[1.054s] Level 1:colcon.colcon_core.package_discovery:discover_packages(colcon_meta) check parameters
[1.054s] Level 1:colcon.colcon_core.package_discovery:discover_packages(recursive) check parameters
[1.054s] Level 1:colcon.colcon_core.package_discovery:discover_packages(ignore) check parameters
[1.054s] Level 1:colcon.colcon_core.package_discovery:discover_packages(path) check parameters
[1.054s] Level 1:colcon.colcon_core.package_discovery:discover_packages(colcon_meta) discover
[1.054s] Level 1:colcon.colcon_core.package_discovery:discover_packages(recursive) discover
[1.054s] INFO:colcon.colcon_core.package_discovery:Crawling recursively for packages in '/home/sreylenchab/DCLAB/my_robot_gui'
[1.054s] Level 1:colcon.colcon_core.package_identification:_identify(.) by extensions ['ignore', 'ignore_ament_install']
[1.055s] Level 1:colcon.colcon_core.package_identification:_identify(.) by extension 'ignore'
[1.055s] Level 1:colcon.colcon_core.package_identification:_identify(.) by extension 'ignore_ament_install'
[1.055s] Level 1:colcon.colcon_core.package_identification:_identify(.) by extensions ['colcon_pkg']
[1.055s] Level 1:colcon.colcon_core.package_identification:_identify(.) by extension 'colcon_pkg'
[1.055s] Level 1:colcon.colcon_core.package_identification:_identify(.) by extensions ['colcon_meta']
[1.055s] Level 1:colcon.colcon_core.package_identification:_identify(.) by extension 'colcon_meta'
[1.055s] Level 1:colcon.colcon_core.package_identification:_identify(.) by extensions ['ros']
[1.055s] Level 1:colcon.colcon_core.package_identification:_identify(.) by extension 'ros'
[1.074s] DEBUG:colcon.colcon_core.package_identification:Package '.' with type 'ros.ament_python' and name 'my_robot_gui'
[1.074s] Level 1:colcon.colcon_core.package_discovery:discover_packages(recursive) using defaults
[1.074s] Level 1:colcon.colcon_core.package_discovery:discover_packages(ignore) discover
[1.074s] Level 1:colcon.colcon_core.package_discovery:discover_packages(ignore) using defaults
[1.074s] Level 1:colcon.colcon_core.package_discovery:discover_packages(path) discover
[1.074s] Level 1:colcon.colcon_core.package_discovery:discover_packages(path) using defaults
[1.150s] Level 1:colcon.colcon_core.package_discovery:discover_packages(prefix_path) check parameters
[1.150s] Level 1:colcon.colcon_core.package_discovery:discover_packages(prefix_path) discover
[1.174s] DEBUG:colcon.colcon_installed_package_information.package_discovery:Found 1 installed packages in /home/sreylenchab/DCLAB/DCLAB/install
[1.183s] DEBUG:colcon.colcon_installed_package_information.package_discovery:Found 270 installed packages in /opt/ros/humble
[1.184s] Level 1:colcon.colcon_core.package_discovery:discover_packages(prefix_path) using defaults
[1.248s] Level 5:colcon.colcon_core.verb:set package 'my_robot_gui' build argument 'cmake_args' from command line to 'None'
[1.248s] Level 5:colcon.colcon_core.verb:set package 'my_robot_gui' build argument 'cmake_target' from command line to 'None'
[1.248s] Level 5:colcon.colcon_core.verb:set package 'my_robot_gui' build argument 'cmake_target_skip_unavailable' from command line to 'False'
[1.248s] Level 5:colcon.colcon_core.verb:set package 'my_robot_gui' build argument 'cmake_clean_cache' from command line to 'False'
[1.248s] Level 5:colcon.colcon_core.verb:set package 'my_robot_gui' build argument 'cmake_clean_first' from command line to 'False'
[1.248s] Level 5:colcon.colcon_core.verb:set package 'my_robot_gui' build argument 'cmake_force_configure' from command line to 'False'
[1.248s] Level 5:colcon.colcon_core.verb:set package 'my_robot_gui' build argument 'ament_cmake_args' from command line to 'None'
[1.248s] Level 5:colcon.colcon_core.verb:set package 'my_robot_gui' build argument 'catkin_cmake_args' from command line to 'None'
[1.248s] Level 5:colcon.colcon_core.verb:set package 'my_robot_gui' build argument 'catkin_skip_building_tests' from command line to 'False'
[1.248s] DEBUG:colcon.colcon_core.verb:Building package 'my_robot_gui' with the following arguments: {'ament_cmake_args': None, 'build_base': '/home/sreylenchab/DCLAB/my_robot_gui/build/my_robot_gui', 'catkin_cmake_args': None, 'catkin_skip_building_tests': False, 'cmake_args': None, 'cmake_clean_cache': False, 'cmake_clean_first': False, 'cmake_force_configure': False, 'cmake_target': None, 'cmake_target_skip_unavailable': False, 'install_base': '/home/sreylenchab/DCLAB/my_robot_gui/install/my_robot_gui', 'merge_install': False, 'path': '/home/sreylenchab/DCLAB/my_robot_gui', 'symlink_install': False, 'test_result_base': None}
[1.257s] INFO:colcon.colcon_core.executor:Executing jobs using 'parallel' executor
[1.268s] DEBUG:colcon.colcon_parallel_executor.executor.parallel:run_until_complete
[1.268s] INFO:colcon.colcon_ros.task.ament_python.build:Building ROS package in '/home/sreylenchab/DCLAB/my_robot_gui' with build type 'ament_python'
[1.268s] Level 1:colcon.colcon_core.shell:create_environment_hook('my_robot_gui', 'ament_prefix_path')
[1.285s] INFO:colcon.colcon_core.plugin_system:Skipping extension 'colcon_core.shell.bat': Not used on non-Windows systems
[1.286s] INFO:colcon.colcon_core.shell:Creating environment hook '/home/sreylenchab/DCLAB/my_robot_gui/install/my_robot_gui/share/my_robot_gui/hook/ament_prefix_path.ps1'
[1.287s] INFO:colcon.colcon_core.shell:Creating environment descriptor '/home/sreylenchab/DCLAB/my_robot_gui/install/my_robot_gui/share/my_robot_gui/hook/ament_prefix_path.dsv'
[1.288s] INFO:colcon.colcon_core.shell:Creating environment hook '/home/sreylenchab/DCLAB/my_robot_gui/install/my_robot_gui/share/my_robot_gui/hook/ament_prefix_path.sh'
[1.298s] INFO:colcon.colcon_core.shell:Skip shell extension 'powershell' for command environment: Not usable outside of PowerShell
[1.298s] DEBUG:colcon.colcon_core.shell:Skip shell extension 'dsv' for command environment
[1.536s] INFO:colcon.colcon_core.task.python.build:Building Python package in '/home/sreylenchab/DCLAB/my_robot_gui'
[1.545s] INFO:colcon.colcon_core.shell:Skip shell extension 'powershell' for command environment: Not usable outside of PowerShell
[1.545s] DEBUG:colcon.colcon_core.shell:Skip shell extension 'dsv' for command environment
[1.903s] DEBUG:colcon.colcon_core.event_handler.log_command:Invoking command in '/home/sreylenchab/DCLAB/my_robot_gui': PYTHONPATH=/home/sreylenchab/DCLAB/my_robot_gui/build/my_robot_gui/prefix_override:/home/sreylenchab/DCLAB/my_robot_gui/install/my_robot_gui/lib/python3.10/site-packages:${PYTHONPATH} /usr/bin/python3 setup.py egg_info --egg-base build/my_robot_gui build --build-base /home/sreylenchab/DCLAB/my_robot_gui/build/my_robot_gui/build install --record /home/sreylenchab/DCLAB/my_robot_gui/build/my_robot_gui/install.log --install-scripts $base/lib/my_robot_gui --single-version-externally-managed
[2.117s] DEBUG:colcon.colcon_core.event_handler.log_command:Invoked command in '/home/sreylenchab/DCLAB/my_robot_gui' returned '0': PYTHONPATH=/home/sreylenchab/DCLAB/my_robot_gui/build/my_robot_gui/prefix_override:/home/sreylenchab/DCLAB/my_robot_gui/install/my_robot_gui/lib/python3.10/site-packages:${PYTHONPATH} /usr/bin/python3 setup.py egg_info --egg-base build/my_robot_gui build --build-base /home/sreylenchab/DCLAB/my_robot_gui/build/my_robot_gui/build install --record /home/sreylenchab/DCLAB/my_robot_gui/build/my_robot_gui/install.log --install-scripts $base/lib/my_robot_gui --single-version-externally-managed
[2.132s] Level 1:colcon.colcon_core.environment:checking '/home/sreylenchab/DCLAB/my_robot_gui/install/my_robot_gui' for CMake module files
[2.133s] Level 1:colcon.colcon_core.environment:checking '/home/sreylenchab/DCLAB/my_robot_gui/install/my_robot_gui' for CMake config files
[2.133s] Level 1:colcon.colcon_core.environment:checking '/home/sreylenchab/DCLAB/my_robot_gui/install/my_robot_gui/lib'
[2.133s] Level 1:colcon.colcon_core.environment:checking '/home/sreylenchab/DCLAB/my_robot_gui/install/my_robot_gui/bin'
[2.133s] Level 1:colcon.colcon_core.environment:checking '/home/sreylenchab/DCLAB/my_robot_gui/install/my_robot_gui/lib/pkgconfig/my_robot_gui.pc'
[2.134s] Level 1:colcon.colcon_core.environment:checking '/home/sreylenchab/DCLAB/my_robot_gui/install/my_robot_gui/lib/python3.10/site-packages'
[2.134s] Level 1:colcon.colcon_core.shell:create_environment_hook('my_robot_gui', 'pythonpath')
[2.143s] INFO:colcon.colcon_core.shell:Creating environment hook '/home/sreylenchab/DCLAB/my_robot_gui/install/my_robot_gui/share/my_robot_gui/hook/pythonpath.ps1'
[2.143s] INFO:colcon.colcon_core.shell:Creating environment descriptor '/home/sreylenchab/DCLAB/my_robot_gui/install/my_robot_gui/share/my_robot_gui/hook/pythonpath.dsv'
[2.143s] INFO:colcon.colcon_core.shell:Creating environment hook '/home/sreylenchab/DCLAB/my_robot_gui/install/my_robot_gui/share/my_robot_gui/hook/pythonpath.sh'
[2.144s] Level 1:colcon.colcon_core.environment:checking '/home/sreylenchab/DCLAB/my_robot_gui/install/my_robot_gui/bin'
[2.144s] Level 1:colcon.colcon_core.environment:create_environment_scripts_only(my_robot_gui)
[2.153s] INFO:colcon.colcon_core.shell:Creating package script '/home/sreylenchab/DCLAB/my_robot_gui/install/my_robot_gui/share/my_robot_gui/package.ps1'
[2.155s] INFO:colcon.colcon_core.shell:Creating package descriptor '/home/sreylenchab/DCLAB/my_robot_gui/install/my_robot_gui/share/my_robot_gui/package.dsv'
[2.156s] INFO:colcon.colcon_core.shell:Creating package script '/home/sreylenchab/DCLAB/my_robot_gui/install/my_robot_gui/share/my_robot_gui/package.sh'
[2.156s] INFO:colcon.colcon_core.shell:Creating package script '/home/sreylenchab/DCLAB/my_robot_gui/install/my_robot_gui/share/my_robot_gui/package.bash'
[2.158s] INFO:colcon.colcon_core.shell:Creating package script '/home/sreylenchab/DCLAB/my_robot_gui/install/my_robot_gui/share/my_robot_gui/package.zsh'
[2.159s] Level 1:colcon.colcon_core.environment:create_file_with_runtime_dependencies(/home/sreylenchab/DCLAB/my_robot_gui/install/my_robot_gui/share/colcon-core/packages/my_robot_gui)
[2.159s] DEBUG:colcon.colcon_parallel_executor.executor.parallel:closing loop
[2.160s] DEBUG:colcon.colcon_parallel_executor.executor.parallel:loop closed
[2.160s] DEBUG:colcon.colcon_parallel_executor.executor.parallel:run_until_complete finished with '0'
[2.160s] DEBUG:colcon.colcon_core.event_reactor:joining thread
[2.265s] INFO:colcon.colcon_core.plugin_system:Skipping extension 'colcon_notification.desktop_notification.notify_send': Could not find 'notify-send'
[2.266s] INFO:colcon.colcon_core.plugin_system:Skipping extension 'colcon_notification.desktop_notification.terminal_notifier': Not used on non-Darwin systems
[2.266s] INFO:colcon.colcon_core.plugin_system:Skipping extension 'colcon_notification.desktop_notification.win32': Not used on non-Windows systems
[2.266s] INFO:colcon.colcon_notification.desktop_notification:Sending desktop notification using 'notify2'
[2.266s] DEBUG:colcon.colcon_notification.desktop_notification.notify2:Failed to initialize notify2: org.freedesktop.DBus.Error.FileNotFound: Failed to connect to socket /run/user/1000/bus: No such file or directory
[2.266s] DEBUG:colcon.colcon_core.event_reactor:joined thread
[2.276s] INFO:colcon.colcon_core.shell:Creating prefix script '/home/sreylenchab/DCLAB/my_robot_gui/install/local_setup.ps1'
[2.278s] INFO:colcon.colcon_core.shell:Creating prefix util module '/home/sreylenchab/DCLAB/my_robot_gui/install/_local_setup_util_ps1.py'
[2.279s] INFO:colcon.colcon_core.shell:Creating prefix chain script '/home/sreylenchab/DCLAB/my_robot_gui/install/setup.ps1'
[2.290s] INFO:colcon.colcon_core.shell:Creating prefix script '/home/sreylenchab/DCLAB/my_robot_gui/install/local_setup.sh'
[2.291s] INFO:colcon.colcon_core.shell:Creating prefix util module '/home/sreylenchab/DCLAB/my_robot_gui/install/_local_setup_util_sh.py'
[2.292s] INFO:colcon.colcon_core.shell:Creating prefix chain script '/home/sreylenchab/DCLAB/my_robot_gui/install/setup.sh'
[2.302s] INFO:colcon.colcon_core.shell:Creating prefix script '/home/sreylenchab/DCLAB/my_robot_gui/install/local_setup.bash'
[2.303s] INFO:colcon.colcon_core.shell:Creating prefix chain script '/home/sreylenchab/DCLAB/my_robot_gui/install/setup.bash'
[2.315s] INFO:colcon.colcon_core.shell:Creating prefix script '/home/sreylenchab/DCLAB/my_robot_gui/install/local_setup.zsh'
[2.317s] INFO:colcon.colcon_core.shell:Creating prefix chain script '/home/sreylenchab/DCLAB/my_robot_gui/install/setup.zsh'
