/home/sreylenchab/DCLAB/my_robot_gui/install/my_robot_gui/lib/python3.10/site-packages/my_robot_gui/pose_subscriber.py
/home/sreylenchab/DCLAB/my_robot_gui/install/my_robot_gui/lib/python3.10/site-packages/my_robot_gui/test_gui.py
/home/sreylenchab/DCLAB/my_robot_gui/install/my_robot_gui/lib/python3.10/site-packages/my_robot_gui/__init__.py
/home/sreylenchab/DCLAB/my_robot_gui/install/my_robot_gui/lib/python3.10/site-packages/my_robot_gui/testgui.py
/home/sreylenchab/DCLAB/my_robot_gui/install/my_robot_gui/lib/python3.10/site-packages/my_robot_gui/teleop_turtlesim.py
/home/sreylenchab/DCLAB/my_robot_gui/install/my_robot_gui/lib/python3.10/site-packages/my_robot_gui/draw_circle.py
/home/sreylenchab/DCLAB/my_robot_gui/install/my_robot_gui/lib/python3.10/site-packages/my_robot_gui/__pycache__/pose_subscriber.cpython-310.pyc
/home/sreylenchab/DCLAB/my_robot_gui/install/my_robot_gui/lib/python3.10/site-packages/my_robot_gui/__pycache__/test_gui.cpython-310.pyc
/home/sreylenchab/DCLAB/my_robot_gui/install/my_robot_gui/lib/python3.10/site-packages/my_robot_gui/__pycache__/__init__.cpython-310.pyc
/home/sreylenchab/DCLAB/my_robot_gui/install/my_robot_gui/lib/python3.10/site-packages/my_robot_gui/__pycache__/testgui.cpython-310.pyc
/home/sreylenchab/DCLAB/my_robot_gui/install/my_robot_gui/lib/python3.10/site-packages/my_robot_gui/__pycache__/teleop_turtlesim.cpython-310.pyc
/home/sreylenchab/DCLAB/my_robot_gui/install/my_robot_gui/lib/python3.10/site-packages/my_robot_gui/__pycache__/draw_circle.cpython-310.pyc
/home/sreylenchab/DCLAB/my_robot_gui/install/my_robot_gui/share/ament_index/resource_index/packages/my_robot_gui
/home/sreylenchab/DCLAB/my_robot_gui/install/my_robot_gui/share/my_robot_gui/package.xml
/home/sreylenchab/DCLAB/my_robot_gui/install/my_robot_gui/lib/python3.10/site-packages/my_robot_gui-0.0.0-py3.10.egg-info/top_level.txt
/home/sreylenchab/DCLAB/my_robot_gui/install/my_robot_gui/lib/python3.10/site-packages/my_robot_gui-0.0.0-py3.10.egg-info/zip-safe
/home/sreylenchab/DCLAB/my_robot_gui/install/my_robot_gui/lib/python3.10/site-packages/my_robot_gui-0.0.0-py3.10.egg-info/SOURCES.txt
/home/sreylenchab/DCLAB/my_robot_gui/install/my_robot_gui/lib/python3.10/site-packages/my_robot_gui-0.0.0-py3.10.egg-info/PKG-INFO
/home/sreylenchab/DCLAB/my_robot_gui/install/my_robot_gui/lib/python3.10/site-packages/my_robot_gui-0.0.0-py3.10.egg-info/dependency_links.txt
/home/sreylenchab/DCLAB/my_robot_gui/install/my_robot_gui/lib/python3.10/site-packages/my_robot_gui-0.0.0-py3.10.egg-info/requires.txt
/home/sreylenchab/DCLAB/my_robot_gui/install/my_robot_gui/lib/python3.10/site-packages/my_robot_gui-0.0.0-py3.10.egg-info/entry_points.txt
/home/sreylenchab/DCLAB/my_robot_gui/install/my_robot_gui/lib/my_robot_gui/draw_circle
/home/sreylenchab/DCLAB/my_robot_gui/install/my_robot_gui/lib/my_robot_gui/pose_subscriber
