running egg_info
creating build/my_robot_gui/my_robot_gui.egg-info
writing build/my_robot_gui/my_robot_gui.egg-info/PKG-INFO
writing dependency_links to build/my_robot_gui/my_robot_gui.egg-info/dependency_links.txt
writing entry points to build/my_robot_gui/my_robot_gui.egg-info/entry_points.txt
writing requirements to build/my_robot_gui/my_robot_gui.egg-info/requires.txt
writing top-level names to build/my_robot_gui/my_robot_gui.egg-info/top_level.txt
writing manifest file 'build/my_robot_gui/my_robot_gui.egg-info/SOURCES.txt'
reading manifest file 'build/my_robot_gui/my_robot_gui.egg-info/SOURCES.txt'
writing manifest file 'build/my_robot_gui/my_robot_gui.egg-info/SOURCES.txt'
running build
running build_py
creating /home/sreylenchab/DCLAB/my_robot_gui/build/my_robot_gui/build
creating /home/sreylenchab/DCLAB/my_robot_gui/build/my_robot_gui/build/lib
creating /home/sreylenchab/DCLAB/my_robot_gui/build/my_robot_gui/build/lib/my_robot_gui
copying my_robot_gui/pose_subscriber.py -> /home/sreylenchab/DCLAB/my_robot_gui/build/my_robot_gui/build/lib/my_robot_gui
copying my_robot_gui/test_gui.py -> /home/sreylenchab/DCLAB/my_robot_gui/build/my_robot_gui/build/lib/my_robot_gui
copying my_robot_gui/__init__.py -> /home/sreylenchab/DCLAB/my_robot_gui/build/my_robot_gui/build/lib/my_robot_gui
copying my_robot_gui/testgui.py -> /home/sreylenchab/DCLAB/my_robot_gui/build/my_robot_gui/build/lib/my_robot_gui
copying my_robot_gui/teleop_turtlesim.py -> /home/sreylenchab/DCLAB/my_robot_gui/build/my_robot_gui/build/lib/my_robot_gui
copying my_robot_gui/draw_circle.py -> /home/sreylenchab/DCLAB/my_robot_gui/build/my_robot_gui/build/lib/my_robot_gui
running install
running install_lib
creating /home/sreylenchab/DCLAB/my_robot_gui/install/my_robot_gui/lib/python3.10/site-packages/my_robot_gui
copying /home/sreylenchab/DCLAB/my_robot_gui/build/my_robot_gui/build/lib/my_robot_gui/pose_subscriber.py -> /home/sreylenchab/DCLAB/my_robot_gui/install/my_robot_gui/lib/python3.10/site-packages/my_robot_gui
copying /home/sreylenchab/DCLAB/my_robot_gui/build/my_robot_gui/build/lib/my_robot_gui/test_gui.py -> /home/sreylenchab/DCLAB/my_robot_gui/install/my_robot_gui/lib/python3.10/site-packages/my_robot_gui
copying /home/sreylenchab/DCLAB/my_robot_gui/build/my_robot_gui/build/lib/my_robot_gui/__init__.py -> /home/sreylenchab/DCLAB/my_robot_gui/install/my_robot_gui/lib/python3.10/site-packages/my_robot_gui
copying /home/sreylenchab/DCLAB/my_robot_gui/build/my_robot_gui/build/lib/my_robot_gui/testgui.py -> /home/sreylenchab/DCLAB/my_robot_gui/install/my_robot_gui/lib/python3.10/site-packages/my_robot_gui
copying /home/sreylenchab/DCLAB/my_robot_gui/build/my_robot_gui/build/lib/my_robot_gui/teleop_turtlesim.py -> /home/sreylenchab/DCLAB/my_robot_gui/install/my_robot_gui/lib/python3.10/site-packages/my_robot_gui
copying /home/sreylenchab/DCLAB/my_robot_gui/build/my_robot_gui/build/lib/my_robot_gui/draw_circle.py -> /home/sreylenchab/DCLAB/my_robot_gui/install/my_robot_gui/lib/python3.10/site-packages/my_robot_gui
byte-compiling /home/sreylenchab/DCLAB/my_robot_gui/install/my_robot_gui/lib/python3.10/site-packages/my_robot_gui/pose_subscriber.py to pose_subscriber.cpython-310.pyc
byte-compiling /home/sreylenchab/DCLAB/my_robot_gui/install/my_robot_gui/lib/python3.10/site-packages/my_robot_gui/test_gui.py to test_gui.cpython-310.pyc
byte-compiling /home/sreylenchab/DCLAB/my_robot_gui/install/my_robot_gui/lib/python3.10/site-packages/my_robot_gui/__init__.py to __init__.cpython-310.pyc
byte-compiling /home/sreylenchab/DCLAB/my_robot_gui/install/my_robot_gui/lib/python3.10/site-packages/my_robot_gui/testgui.py to testgui.cpython-310.pyc
byte-compiling /home/sreylenchab/DCLAB/my_robot_gui/install/my_robot_gui/lib/python3.10/site-packages/my_robot_gui/teleop_turtlesim.py to teleop_turtlesim.cpython-310.pyc
byte-compiling /home/sreylenchab/DCLAB/my_robot_gui/install/my_robot_gui/lib/python3.10/site-packages/my_robot_gui/draw_circle.py to draw_circle.cpython-310.pyc
running install_data
creating /home/sreylenchab/DCLAB/my_robot_gui/install/my_robot_gui/share/ament_index
creating /home/sreylenchab/DCLAB/my_robot_gui/install/my_robot_gui/share/ament_index/resource_index
creating /home/sreylenchab/DCLAB/my_robot_gui/install/my_robot_gui/share/ament_index/resource_index/packages
copying resource/my_robot_gui -> /home/sreylenchab/DCLAB/my_robot_gui/install/my_robot_gui/share/ament_index/resource_index/packages
copying package.xml -> /home/sreylenchab/DCLAB/my_robot_gui/install/my_robot_gui/share/my_robot_gui
running install_egg_info
Copying build/my_robot_gui/my_robot_gui.egg-info to /home/sreylenchab/DCLAB/my_robot_gui/install/my_robot_gui/lib/python3.10/site-packages/my_robot_gui-0.0.0-py3.10.egg-info
running install_scripts
Installing draw_circle script to /home/sreylenchab/DCLAB/my_robot_gui/install/my_robot_gui/lib/my_robot_gui
Installing pose_subscriber script to /home/sreylenchab/DCLAB/my_robot_gui/install/my_robot_gui/lib/my_robot_gui
writing list of installed files to '/home/sreylenchab/DCLAB/my_robot_gui/build/my_robot_gui/install.log'
